13:38:03.243 [main] INFO  - Read the Config File from :: /C:/Users/MonikaSrivastava/OneDrive - AIDEN AI PRIVATE LIMITED/Documents/AidenAI/Event_Workspace/BaseUtil/src/main/resources/Config/config.properties
13:38:03.276 [main] INFO  - The Directory is created at path :: /C:/Users/MonikaSrivastava/OneDrive - AIDEN AI PRIVATE LIMITED/Documents/AidenAI/Event_Workspace/CoOpsEvent/target/coverageReport
13:38:03.583 [TestNG-test=Event QA Regression Tests-1] INFO  - The Test Data Excel sheet is loaded from path :: /C:/Users/MonikaSrivastava/OneDrive - AIDEN AI PRIVATE LIMITED/Documents/AidenAI/Event_Workspace/CoOpsEvent/src/test/resources/TestData/Event_UI_QA_TestData.xlsx
13:38:03.606 [TestNG-test=Event QA Regression Tests-1] INFO  - Loading the Excel sheet :: Event_E2E
13:38:04.052 [TestNG-PoolService-0] INFO  - Initializing the Browser :: Chrome
13:41:22.738 [main] INFO  - Cleaning the Coverage Report from path :: /C:/Users/MonikaSrivastava/OneDrive - AIDEN AI PRIVATE LIMITED/Documents/AidenAI/Event_Workspace/CoOpsEvent/target/coverageReport
13:41:22.744 [main] INFO  - Read the Config File from :: /C:/Users/MonikaSrivastava/OneDrive - AIDEN AI PRIVATE LIMITED/Documents/AidenAI/Event_Workspace/BaseUtil/src/main/resources/Config/config.properties
13:41:22.937 [TestNG-test=Event QA Regression Tests-1] INFO  - The Test Data Excel sheet is loaded from path :: /C:/Users/MonikaSrivastava/OneDrive - AIDEN AI PRIVATE LIMITED/Documents/AidenAI/Event_Workspace/CoOpsEvent/src/test/resources/TestData/Event_UI_QA_TestData.xlsx
13:41:22.939 [TestNG-test=Event QA Regression Tests-1] INFO  - Loading the Excel sheet :: Event_E2E
13:41:23.303 [TestNG-PoolService-0] INFO  - Initializing the Browser :: Chrome
13:41:51.255 [TestNG-PoolService-0] INFO  - Is the Page header ** What type of event are you hosting? ** visible :: true
13:41:51.268 [TestNG-PoolService-0] INFO  - Select your event :: Award Presentation
13:41:56.368 [TestNG-PoolService-0] INFO  - Is the Page header **How many events are you hosting? ** visible :: true
13:41:56.369 [TestNG-PoolService-0] INFO  - Select your event :: Single event
13:41:57.931 [TestNG-PoolService-0] INFO  - Is the Page header **Where will your event take place? ** visible :: true
13:41:57.933 [TestNG-PoolService-0] INFO  - Search venue address :: 403 Church Street, Toronto, ON, Canada
13:42:01.767 [TestNG-PoolService-0] INFO  - Is the Page header **When is your event? ** visible :: true
13:42:02.674 [TestNG-PoolService-0] INFO  - Is the Page title **Start Date ** visible :: true
13:42:12.698 [TestNG-PoolService-0] INFO  - Is the Page title **End Date ** visible :: true
13:42:22.545 [TestNG-PoolService-0] INFO  - Is the Page header **Can you tell us more about your event? ** visible :: true
13:42:26.724 [TestNG-PoolService-0] INFO  - Is the Page header **Let’s personalize your coverage ** visible :: true
13:42:40.201 [TestNG-PoolService-0] INFO  - Is the Page header **Your Quote ** visible :: true
13:43:11.079 [TestNG-PoolService-0] INFO  - Is the Page header **Add others to your policy ** visible :: true
13:43:11.126 [TestNG-PoolService-0] INFO  - Is the Page header **Add others to your policy ** visible :: true
13:43:12.061 [TestNG-PoolService-0] INFO  - Is the Page header **Review Additional Insureds and Co-hosts ** visible :: true
13:43:14.024 [TestNG-PoolService-0] INFO  - Is the Page header **Payment Details ** visible :: true
13:44:14.891 [TestNG-PoolService-0] INFO  - Is the Page header **Congrats! Your event is protected ** visible :: true
13:44:14.914 [TestNG-PoolService-0] INFO  - Policy numberZf-025311 :: true
13:44:16.589 [TestNG-PoolService-0] INFO  - Is the Page header **Activate your account ** visible :: true
14:27:12.228 [main] INFO  - Cleaning the Coverage Report from path :: /C:/Users/MonikaSrivastava/OneDrive - AIDEN AI PRIVATE LIMITED/Documents/AidenAI/Event_Workspace/CoOpsEvent/target/coverageReport
14:27:12.233 [main] INFO  - Read the Config File from :: /C:/Users/MonikaSrivastava/OneDrive - AIDEN AI PRIVATE LIMITED/Documents/AidenAI/Event_Workspace/BaseUtil/src/main/resources/Config/config.properties
14:27:12.453 [TestNG-test=Event QA Regression Tests-1] INFO  - The Test Data Excel sheet is loaded from path :: /C:/Users/MonikaSrivastava/OneDrive - AIDEN AI PRIVATE LIMITED/Documents/AidenAI/Event_Workspace/CoOpsEvent/src/test/resources/TestData/Event_UI_QA_TestData.xlsx
14:27:12.471 [TestNG-test=Event QA Regression Tests-1] INFO  - Loading the Excel sheet :: Event_E2E
14:27:12.901 [TestNG-PoolService-0] INFO  - Initializing the Browser :: Chrome
14:27:37.549 [TestNG-PoolService-0] INFO  - Is the Page header ** What type of event are you hosting? ** visible :: true
14:27:37.561 [TestNG-PoolService-0] INFO  - Select your event :: Auction
14:27:42.642 [TestNG-PoolService-0] INFO  - Is the Page header **How many events are you hosting? ** visible :: true
14:27:42.643 [TestNG-PoolService-0] INFO  - Select your event :: Multiple events
14:27:44.215 [TestNG-PoolService-0] INFO  - Is the Page header **Where will your event take place? ** visible :: true
14:27:44.216 [TestNG-PoolService-0] INFO  - Search venue address :: 3032 Dougall Avenue, Windsor, ON, Canada
14:36:51.967 [main] INFO  - Cleaning the Coverage Report from path :: /C:/Users/MonikaSrivastava/OneDrive - AIDEN AI PRIVATE LIMITED/Documents/AidenAI/Event_Workspace/CoOpsEvent/target/coverageReport
14:36:51.968 [main] INFO  - Read the Config File from :: /C:/Users/MonikaSrivastava/OneDrive - AIDEN AI PRIVATE LIMITED/Documents/AidenAI/Event_Workspace/BaseUtil/src/main/resources/Config/config.properties
14:36:52.157 [TestNG-test=Event QA Regression Tests-1] INFO  - The Test Data Excel sheet is loaded from path :: /C:/Users/MonikaSrivastava/OneDrive - AIDEN AI PRIVATE LIMITED/Documents/AidenAI/Event_Workspace/CoOpsEvent/src/test/resources/TestData/Event_UI_QA_TestData.xlsx
14:36:52.167 [TestNG-test=Event QA Regression Tests-1] INFO  - Loading the Excel sheet :: Event_E2E
14:36:52.562 [TestNG-PoolService-0] INFO  - Initializing the Browser :: Chrome
14:37:17.501 [TestNG-PoolService-0] INFO  - Is the Page header ** What type of event are you hosting? ** visible :: true
14:37:17.508 [TestNG-PoolService-0] INFO  - Select your event :: Auction
14:37:23.973 [TestNG-PoolService-0] INFO  - Is the Page header **How many events are you hosting? ** visible :: true
14:37:23.973 [TestNG-PoolService-0] INFO  - Select your event :: Multiple events
14:37:25.468 [TestNG-PoolService-0] INFO  - Is the Page header **Where will your event take place? ** visible :: true
14:37:25.468 [TestNG-PoolService-0] INFO  - Search venue address :: 3032 Dougall Avenue, Windsor, ON, Canada
14:37:29.980 [TestNG-PoolService-0] INFO  - Is the Page header **When is your event? ** visible :: true
14:37:31.425 [TestNG-PoolService-0] INFO  - Is the Page title **Start Date ** visible :: true
14:37:40.806 [TestNG-PoolService-0] INFO  - Is the Page title **End Date ** visible :: true
14:37:50.209 [TestNG-PoolService-0] INFO  - Is the Page header **Can you tell us more about your event? ** visible :: true
14:37:54.348 [TestNG-PoolService-0] INFO  - Is the Page header **Let’s personalize your coverage ** visible :: true
14:41:08.857 [main] INFO  - Cleaning the Coverage Report from path :: /C:/Users/MonikaSrivastava/OneDrive - AIDEN AI PRIVATE LIMITED/Documents/AidenAI/Event_Workspace/CoOpsEvent/target/coverageReport
14:41:08.861 [main] INFO  - Read the Config File from :: /C:/Users/MonikaSrivastava/OneDrive - AIDEN AI PRIVATE LIMITED/Documents/AidenAI/Event_Workspace/BaseUtil/src/main/resources/Config/config.properties
14:41:09.049 [TestNG-test=Event QA Regression Tests-1] INFO  - The Test Data Excel sheet is loaded from path :: /C:/Users/MonikaSrivastava/OneDrive - AIDEN AI PRIVATE LIMITED/Documents/AidenAI/Event_Workspace/CoOpsEvent/src/test/resources/TestData/Event_UI_QA_TestData.xlsx
14:41:09.050 [TestNG-test=Event QA Regression Tests-1] INFO  - Loading the Excel sheet :: Event_E2E
14:41:09.352 [TestNG-PoolService-0] INFO  - Initializing the Browser :: Chrome
14:41:29.419 [TestNG-PoolService-0] INFO  - Is the Page header ** What type of event are you hosting? ** visible :: true
14:41:29.432 [TestNG-PoolService-0] INFO  - Select your event :: Auction
14:41:34.277 [TestNG-PoolService-0] INFO  - Is the Page header **How many events are you hosting? ** visible :: true
14:41:34.278 [TestNG-PoolService-0] INFO  - Select your event :: Multiple events
14:41:35.757 [TestNG-PoolService-0] INFO  - Is the Page header **Where will your event take place? ** visible :: true
14:41:35.758 [TestNG-PoolService-0] INFO  - Search venue address :: 3032 Dougall Avenue, Windsor, ON, Canada
14:41:39.993 [TestNG-PoolService-0] INFO  - Is the Page header **When is your event? ** visible :: true
14:41:41.432 [TestNG-PoolService-0] INFO  - Is the Page title **Start Date ** visible :: true
14:41:50.787 [TestNG-PoolService-0] INFO  - Is the Page title **End Date ** visible :: true
14:42:00.094 [TestNG-PoolService-0] INFO  - Is the Page header **Can you tell us more about your event? ** visible :: true
14:42:04.141 [TestNG-PoolService-0] INFO  - Is the Page header **Let’s personalize your coverage ** visible :: true
14:43:27.723 [main] INFO  - Cleaning the Coverage Report from path :: /C:/Users/MonikaSrivastava/OneDrive - AIDEN AI PRIVATE LIMITED/Documents/AidenAI/Event_Workspace/CoOpsEvent/target/coverageReport
14:43:27.726 [main] INFO  - Read the Config File from :: /C:/Users/MonikaSrivastava/OneDrive - AIDEN AI PRIVATE LIMITED/Documents/AidenAI/Event_Workspace/BaseUtil/src/main/resources/Config/config.properties
14:43:27.898 [TestNG-test=Event QA Regression Tests-1] INFO  - The Test Data Excel sheet is loaded from path :: /C:/Users/MonikaSrivastava/OneDrive - AIDEN AI PRIVATE LIMITED/Documents/AidenAI/Event_Workspace/CoOpsEvent/src/test/resources/TestData/Event_UI_QA_TestData.xlsx
14:43:27.913 [TestNG-test=Event QA Regression Tests-1] INFO  - Loading the Excel sheet :: Event_E2E
14:43:28.292 [TestNG-PoolService-0] INFO  - Initializing the Browser :: Chrome
14:43:51.975 [TestNG-PoolService-0] INFO  - Is the Page header ** What type of event are you hosting? ** visible :: true
14:43:51.990 [TestNG-PoolService-0] INFO  - Select your event :: Auction
14:43:56.872 [TestNG-PoolService-0] INFO  - Is the Page header **How many events are you hosting? ** visible :: true
14:43:56.872 [TestNG-PoolService-0] INFO  - Select your event :: Multiple events
14:43:58.390 [TestNG-PoolService-0] INFO  - Is the Page header **Where will your event take place? ** visible :: true
14:43:58.390 [TestNG-PoolService-0] INFO  - Search venue address :: 3032 Dougall Avenue, Windsor, ON, Canada
14:44:02.691 [TestNG-PoolService-0] INFO  - Is the Page header **When is your event? ** visible :: true
14:44:04.149 [TestNG-PoolService-0] INFO  - Is the Page title **Start Date ** visible :: true
14:44:13.651 [TestNG-PoolService-0] INFO  - Is the Page title **End Date ** visible :: true
14:44:23.049 [TestNG-PoolService-0] INFO  - Is the Page header **Can you tell us more about your event? ** visible :: true
14:44:27.181 [TestNG-PoolService-0] INFO  - Is the Page header **Let’s personalize your coverage ** visible :: true
14:44:38.646 [TestNG-PoolService-0] INFO  - Is the Page header **Your Quote ** visible :: true
14:45:09.415 [TestNG-PoolService-0] INFO  - Is the Page header **Add others to your policy ** visible :: true
14:45:09.435 [TestNG-PoolService-0] INFO  - Is the Page header **Add others to your policy ** visible :: true
14:45:10.197 [TestNG-PoolService-0] INFO  - Is the Page header **Review Additional Insureds and Co-hosts ** visible :: true
14:45:11.802 [TestNG-PoolService-0] INFO  - Is the Page header **Payment Details ** visible :: true
14:46:14.971 [TestNG-PoolService-0] INFO  - Is the Page header **Congrats! Your event is protected ** visible :: true
14:46:14.983 [TestNG-PoolService-0] INFO  - Policy numberZf-025313 :: true
14:46:16.556 [TestNG-PoolService-0] INFO  - Is the Page header **Activate your account ** visible :: true
15:39:37.490 [main] INFO  - Cleaning the Coverage Report from path :: /C:/Users/MonikaSrivastava/OneDrive - AIDEN AI PRIVATE LIMITED/Documents/AidenAI/Event_Workspace/CoOpsEvent/target/coverageReport
15:39:37.496 [main] INFO  - Read the Config File from :: /C:/Users/MonikaSrivastava/OneDrive - AIDEN AI PRIVATE LIMITED/Documents/AidenAI/Event_Workspace/BaseUtil/src/main/resources/Config/config.properties
15:39:37.760 [TestNG-test=Event QA Regression Tests-1] INFO  - The Test Data Excel sheet is loaded from path :: /C:/Users/MonikaSrivastava/OneDrive - AIDEN AI PRIVATE LIMITED/Documents/AidenAI/Event_Workspace/CoOpsEvent/src/test/resources/TestData/Event_UI_QA_TestData.xlsx
15:39:37.774 [TestNG-test=Event QA Regression Tests-1] INFO  - Loading the Excel sheet :: Event_E2E
15:39:38.195 [TestNG-PoolService-0] INFO  - Initializing the Browser :: Chrome
15:40:00.592 [TestNG-PoolService-0] INFO  - Is the Page header ** What type of event are you hosting? ** visible :: true
15:40:00.606 [TestNG-PoolService-0] INFO  - Select your event :: Auction
15:40:05.445 [TestNG-PoolService-0] INFO  - Is the Page header **How many events are you hosting? ** visible :: true
15:40:05.446 [TestNG-PoolService-0] INFO  - Select your event :: Multiple events
15:40:06.955 [TestNG-PoolService-0] INFO  - Is the Page header **Where will your event take place? ** visible :: true
15:40:06.956 [TestNG-PoolService-0] INFO  - Search venue address :: 3032 Dougall Avenue, Windsor, ON, Canada
15:40:11.208 [TestNG-PoolService-0] INFO  - Is the Page header **When is your event? ** visible :: true
15:40:12.676 [TestNG-PoolService-0] INFO  - Is the Page title **Start Date ** visible :: true
15:40:22.089 [TestNG-PoolService-0] INFO  - Is the Page title **End Date ** visible :: true
15:40:31.825 [TestNG-PoolService-0] INFO  - Is the Page header **Can you tell us more about your event? ** visible :: true
15:40:36.338 [TestNG-PoolService-0] INFO  - Is the Page header **Let’s personalize your coverage ** visible :: true
15:40:51.457 [TestNG-PoolService-0] INFO  - Is the Page header **Your Quote ** visible :: true
15:41:22.419 [TestNG-PoolService-0] INFO  - Is the Page header **Add others to your policy ** visible :: true
15:41:22.432 [TestNG-PoolService-0] INFO  - Is the Page header **Add others to your policy ** visible :: true
15:41:23.412 [TestNG-PoolService-0] INFO  - Is the Page header **Review Additional Insureds and Co-hosts ** visible :: true
15:41:25.640 [TestNG-PoolService-0] INFO  - Is the Page header **Payment Details ** visible :: true
15:42:26.201 [TestNG-PoolService-0] INFO  - Is the Page header **Congrats! Your event is protected ** visible :: true
15:42:26.212 [TestNG-PoolService-0] INFO  - Policy numberZf-025314 :: true
15:42:27.579 [TestNG-PoolService-0] INFO  - Is the Page header **Activate your account ** visible :: true
15:42:29.252 [TestNG-test=Event QA Regression Tests-1] INFO  - The Test Data Excel sheet is loaded from path :: /C:/Users/MonikaSrivastava/OneDrive - AIDEN AI PRIVATE LIMITED/Documents/AidenAI/Event_Workspace/CoOpsEvent/src/test/resources/TestData/Event_UI_QA_TestData.xlsx
15:42:29.252 [TestNG-test=Event QA Regression Tests-1] INFO  - Loading the Excel sheet :: Event_E2E
15:42:29.288 [TestNG-PoolService-0] INFO  - Initializing the Browser :: Chrome
15:42:38.321 [TestNG-PoolService-0] INFO  - Is the Page header ** What type of event are you hosting? ** visible :: true
15:42:38.321 [TestNG-PoolService-0] INFO  - Select your event :: Award Presentation
15:42:43.134 [TestNG-PoolService-0] INFO  - Is the Page header **How many events are you hosting? ** visible :: true
15:42:43.135 [TestNG-PoolService-0] INFO  - Select your event :: Single event
15:42:44.630 [TestNG-PoolService-0] INFO  - Is the Page header **Where will your event take place? ** visible :: true
15:42:44.631 [TestNG-PoolService-0] INFO  - Search venue address :: 403 Church Street, Toronto, ON, Canada
15:42:48.222 [TestNG-PoolService-0] INFO  - Is the Page header **When is your event? ** visible :: true
15:42:48.972 [TestNG-PoolService-0] INFO  - Is the Page title **Start Date ** visible :: true
15:42:58.334 [TestNG-PoolService-0] INFO  - Is the Page title **End Date ** visible :: true
15:43:08.305 [TestNG-PoolService-0] INFO  - Is the Page header **Can you tell us more about your event? ** visible :: true
15:43:12.722 [TestNG-PoolService-0] INFO  - Is the Page header **Let’s personalize your coverage ** visible :: true
15:43:27.071 [TestNG-PoolService-0] INFO  - Is the Page header **Your Quote ** visible :: true
15:43:57.993 [TestNG-PoolService-0] INFO  - Is the Page header **Add others to your policy ** visible :: true
15:43:58.016 [TestNG-PoolService-0] INFO  - Is the Page header **Add others to your policy ** visible :: true
15:43:58.988 [TestNG-PoolService-0] INFO  - Is the Page header **Review Additional Insureds and Co-hosts ** visible :: true
15:44:01.212 [TestNG-PoolService-0] INFO  - Is the Page header **Payment Details ** visible :: true
15:45:03.897 [TestNG-PoolService-0] INFO  - Is the Page header **Congrats! Your event is protected ** visible :: true
15:45:03.904 [TestNG-PoolService-0] INFO  - Policy numberZf-025315 :: true
15:45:05.271 [TestNG-PoolService-0] INFO  - Is the Page header **Activate your account ** visible :: true
15:51:20.637 [main] INFO  - Cleaning the Coverage Report from path :: /C:/Users/MonikaSrivastava/OneDrive - AIDEN AI PRIVATE LIMITED/Documents/AidenAI/Event_Workspace/CoOpsEvent/target/coverageReport
15:51:20.641 [main] INFO  - Read the Config File from :: /C:/Users/MonikaSrivastava/OneDrive - AIDEN AI PRIVATE LIMITED/Documents/AidenAI/Event_Workspace/BaseUtil/src/main/resources/Config/config.properties
15:51:20.799 [TestNG-test=Event QA Regression Tests-1] INFO  - The Test Data Excel sheet is loaded from path :: /C:/Users/MonikaSrivastava/OneDrive - AIDEN AI PRIVATE LIMITED/Documents/AidenAI/Event_Workspace/CoOpsEvent/src/test/resources/TestData/Event_UI_QA_TestData.xlsx
15:51:20.799 [TestNG-test=Event QA Regression Tests-2] INFO  - The Test Data Excel sheet is loaded from path :: /C:/Users/MonikaSrivastava/OneDrive - AIDEN AI PRIVATE LIMITED/Documents/AidenAI/Event_Workspace/CoOpsEvent/src/test/resources/TestData/Event_UI_QA_TestData.xlsx
15:51:20.801 [TestNG-test=Event QA Regression Tests-2] INFO  - Loading the Excel sheet :: Event_E2E
15:51:20.801 [TestNG-test=Event QA Regression Tests-1] INFO  - Loading the Excel sheet :: Event_E2E
15:51:21.179 [TestNG-PoolService-0] INFO  - Initializing the Browser :: Chrome
15:51:21.179 [TestNG-PoolService-0] INFO  - Initializing the Browser :: Chrome
15:51:39.223 [TestNG-PoolService-0] INFO  - Is the Page header ** What type of event are you hosting? ** visible :: true
15:51:39.234 [TestNG-PoolService-0] INFO  - Is the Page header ** What type of event are you hosting? ** visible :: true
15:51:39.237 [TestNG-PoolService-0] INFO  - Select your event :: Award Presentation
15:51:39.238 [TestNG-PoolService-0] INFO  - Select your event :: Auction
15:51:44.358 [TestNG-PoolService-0] INFO  - Is the Page header **How many events are you hosting? ** visible :: true
15:51:44.359 [TestNG-PoolService-0] INFO  - Select your event :: Multiple events
15:51:44.375 [TestNG-PoolService-0] INFO  - Is the Page header **How many events are you hosting? ** visible :: true
15:51:44.375 [TestNG-PoolService-0] INFO  - Select your event :: Single event
15:51:46.002 [TestNG-PoolService-0] INFO  - Is the Page header **Where will your event take place? ** visible :: true
15:51:46.003 [TestNG-PoolService-0] INFO  - Search venue address :: 3032 Dougall Avenue, Windsor, ON, Canada
16:01:27.898 [main] INFO  - Cleaning the Coverage Report from path :: /C:/Users/MonikaSrivastava/OneDrive - AIDEN AI PRIVATE LIMITED/Documents/AidenAI/Event_Workspace/CoOpsEvent/target/coverageReport
16:01:27.902 [main] INFO  - Read the Config File from :: /C:/Users/MonikaSrivastava/OneDrive - AIDEN AI PRIVATE LIMITED/Documents/AidenAI/Event_Workspace/BaseUtil/src/main/resources/Config/config.properties
16:01:28.209 [TestNG-test=Event QA Regression Tests-1] INFO  - The Test Data Excel sheet is loaded from path :: /C:/Users/MonikaSrivastava/OneDrive - AIDEN AI PRIVATE LIMITED/Documents/AidenAI/Event_Workspace/CoOpsEvent/src/test/resources/TestData/Event_UI_QA_TestData.xlsx
16:01:28.209 [TestNG-test=Event QA Regression Tests-2] INFO  - The Test Data Excel sheet is loaded from path :: /C:/Users/MonikaSrivastava/OneDrive - AIDEN AI PRIVATE LIMITED/Documents/AidenAI/Event_Workspace/CoOpsEvent/src/test/resources/TestData/Event_UI_QA_TestData.xlsx
16:01:28.241 [TestNG-test=Event QA Regression Tests-1] INFO  - Loading the Excel sheet :: Event_E2E
16:01:28.241 [TestNG-test=Event QA Regression Tests-2] INFO  - Loading the Excel sheet :: Event_E2E
16:01:28.770 [TestNG-PoolService-0] INFO  - Initializing the Browser :: Chrome
16:01:28.770 [TestNG-PoolService-0] INFO  - Initializing the Browser :: Chrome
16:01:56.498 [TestNG-PoolService-0] INFO  - Is the Page header ** What type of event are you hosting? ** visible :: true
16:01:56.514 [TestNG-PoolService-0] INFO  - Select your event :: Auction
16:01:56.607 [TestNG-PoolService-0] INFO  - Is the Page header ** What type of event are you hosting? ** visible :: true
16:01:56.608 [TestNG-PoolService-0] INFO  - Select your event :: Award Presentation
16:02:06.640 [TestNG-PoolService-0] INFO  - Is the Page header **How many events are you hosting? ** visible :: true
16:02:06.641 [TestNG-PoolService-0] INFO  - Select your event :: Single event
16:02:06.641 [TestNG-PoolService-0] INFO  - Is the Page header **How many events are you hosting? ** visible :: true
16:02:06.642 [TestNG-PoolService-0] INFO  - Select your event :: Multiple events
16:36:43.894 [main] INFO  - Cleaning the Coverage Report from path :: /C:/Users/MonikaSrivastava/OneDrive - AIDEN AI PRIVATE LIMITED/Documents/AidenAI/Event_Workspace/CoOpsEvent/target/coverageReport
16:36:43.894 [main] INFO  - Read the Config File from :: /C:/Users/MonikaSrivastava/OneDrive - AIDEN AI PRIVATE LIMITED/Documents/AidenAI/Event_Workspace/BaseUtil/src/main/resources/Config/config.properties
16:36:44.318 [TestNG-test=Event QA Regression Tests-1] INFO  - The Test Data Excel sheet is loaded from path :: /C:/Users/MonikaSrivastava/OneDrive - AIDEN AI PRIVATE LIMITED/Documents/AidenAI/Event_Workspace/CoOpsEvent/src/test/resources/TestData/Event_UI_QA_TestData.xlsx
16:36:44.334 [TestNG-test=Event QA Regression Tests-1] INFO  - Loading the Excel sheet :: Event_E2E
16:36:44.854 [TestNG-PoolService-0] INFO  - Initializing the Browser :: Chrome
16:37:18.669 [TestNG-PoolService-0] INFO  - Is the Page header ** What type of event are you hosting? ** visible :: true
16:37:18.686 [TestNG-PoolService-0] INFO  - Select your event :: Auction
16:37:26.265 [TestNG-PoolService-0] INFO  - Is the Page header **How many events are you hosting? ** visible :: true
16:37:26.265 [TestNG-PoolService-0] INFO  - Select your event :: Multiple events
16:37:28.340 [TestNG-PoolService-0] INFO  - Is the Page header **Where will your event take place? ** visible :: true
16:37:28.341 [TestNG-PoolService-0] INFO  - Search venue multiple address :: 3032 Dougall Avenue, Windsor, ON, Canada
16:37:33.612 [TestNG-PoolService-0] INFO  - Is the Page header **When is your event? ** visible :: true
16:37:35.699 [TestNG-PoolService-0] INFO  - Is the Page title **Start Date ** visible :: true
16:37:46.650 [TestNG-PoolService-0] INFO  - Is the Page title **End Date ** visible :: true
16:37:56.609 [TestNG-PoolService-0] INFO  - Is the Page header **Can you tell us more about your event? ** visible :: true
16:38:00.979 [TestNG-PoolService-0] INFO  - Is the Page header **Let’s personalize your coverage ** visible :: true
16:38:15.639 [TestNG-PoolService-0] INFO  - Is the Page header **Your Quote ** visible :: true
16:38:46.564 [TestNG-PoolService-0] INFO  - Is the Page header **Add others to your policy ** visible :: true
16:38:46.582 [TestNG-PoolService-0] INFO  - Is the Page header **Add others to your policy ** visible :: true
16:38:47.582 [TestNG-PoolService-0] INFO  - Is the Page header **Review Additional Insureds and Co-hosts ** visible :: true
16:38:49.716 [TestNG-PoolService-0] INFO  - Is the Page header **Payment Details ** visible :: true
16:39:42.250 [TestNG-PoolService-0] INFO  - Is the Page header **Congrats! Your event is protected ** visible :: true
16:39:42.260 [TestNG-PoolService-0] INFO  - Policy numberZf-025316 :: true
16:39:43.939 [TestNG-PoolService-0] INFO  - Is the Page header **Activate your account ** visible :: true
16:39:45.185 [TestNG-test=Event QA Regression Tests-1] INFO  - The Test Data Excel sheet is loaded from path :: /C:/Users/MonikaSrivastava/OneDrive - AIDEN AI PRIVATE LIMITED/Documents/AidenAI/Event_Workspace/CoOpsEvent/src/test/resources/TestData/Event_UI_QA_TestData.xlsx
16:39:45.186 [TestNG-test=Event QA Regression Tests-1] INFO  - Loading the Excel sheet :: Event_E2E
16:39:45.213 [TestNG-PoolService-0] INFO  - Initializing the Browser :: Chrome
16:39:54.055 [TestNG-PoolService-0] INFO  - Is the Page header ** What type of event are you hosting? ** visible :: true
16:39:54.056 [TestNG-PoolService-0] INFO  - Select your event :: Award Presentation
16:39:59.755 [TestNG-PoolService-0] INFO  - Is the Page header **How many events are you hosting? ** visible :: true
16:39:59.757 [TestNG-PoolService-0] INFO  - Select your event :: Single event
16:40:01.304 [TestNG-PoolService-0] INFO  - Is the Page header **Where will your event take place? ** visible :: true
16:40:01.305 [TestNG-PoolService-0] INFO  - Search venue address :: 403 Church Street, Toronto, ON, Canada
16:40:04.868 [TestNG-PoolService-0] INFO  - Is the Page header **When is your event? ** visible :: true
16:40:05.670 [TestNG-PoolService-0] INFO  - Is the Page title **Start Date ** visible :: true
16:40:15.285 [TestNG-PoolService-0] INFO  - Is the Page title **End Date ** visible :: true
16:40:24.774 [TestNG-PoolService-0] INFO  - Is the Page header **Can you tell us more about your event? ** visible :: true
16:40:28.837 [TestNG-PoolService-0] INFO  - Is the Page header **Let’s personalize your coverage ** visible :: true
16:40:41.272 [TestNG-PoolService-0] INFO  - Is the Page header **Your Quote ** visible :: true
16:41:12.072 [TestNG-PoolService-0] INFO  - Is the Page header **Add others to your policy ** visible :: true
16:41:12.096 [TestNG-PoolService-0] INFO  - Is the Page header **Add others to your policy ** visible :: true
16:41:12.852 [TestNG-PoolService-0] INFO  - Is the Page header **Review Additional Insureds and Co-hosts ** visible :: true
16:41:14.430 [TestNG-PoolService-0] INFO  - Is the Page header **Payment Details ** visible :: true
16:42:16.909 [TestNG-PoolService-0] INFO  - Is the Page header **Congrats! Your event is protected ** visible :: true
16:42:16.917 [TestNG-PoolService-0] INFO  - Policy numberZf-025317 :: true
16:42:18.472 [TestNG-PoolService-0] INFO  - Is the Page header **Activate your account ** visible :: true
17:59:41.055 [main] INFO  - Cleaning the Coverage Report from path :: /C:/Users/MonikaSrivastava/OneDrive - AIDEN AI PRIVATE LIMITED/Documents/AidenAI/Event_Workspace/CoOpsEvent/target/coverageReport
17:59:41.070 [main] INFO  - Read the Config File from :: /C:/Users/MonikaSrivastava/OneDrive - AIDEN AI PRIVATE LIMITED/Documents/AidenAI/Event_Workspace/BaseUtil/src/main/resources/Config/config.properties
17:59:41.529 [TestNG-test=Event QA Regression Tests-1] INFO  - The Test Data Excel sheet is loaded from path :: /C:/Users/MonikaSrivastava/OneDrive - AIDEN AI PRIVATE LIMITED/Documents/AidenAI/Event_Workspace/CoOpsEvent/src/test/resources/TestData/Event_UI_QA_TestData.xlsx
17:59:41.554 [TestNG-test=Event QA Regression Tests-1] INFO  - Loading the Excel sheet :: Event_E2E
17:59:42.233 [TestNG-PoolService-0] INFO  - Initializing the Browser :: Chrome
18:00:16.577 [TestNG-PoolService-0] INFO  - Is the Page header ** What type of event are you hosting? ** visible :: true
18:00:16.594 [TestNG-PoolService-0] INFO  - Select your event :: Auction
18:00:19.244 [TestNG-PoolService-0] INFO  - Is the Pop Up ** I Understand ** visible :: false
18:00:20.483 [TestNG-test=Event QA Regression Tests-1] INFO  - The Test Data Excel sheet is loaded from path :: /C:/Users/MonikaSrivastava/OneDrive - AIDEN AI PRIVATE LIMITED/Documents/AidenAI/Event_Workspace/CoOpsEvent/src/test/resources/TestData/Event_UI_QA_TestData.xlsx
18:00:20.485 [TestNG-test=Event QA Regression Tests-1] INFO  - Loading the Excel sheet :: Event_E2E
18:00:20.593 [TestNG-PoolService-0] INFO  - Initializing the Browser :: Chrome
18:00:33.797 [TestNG-PoolService-0] INFO  - Is the Page header ** What type of event are you hosting? ** visible :: true
18:00:33.798 [TestNG-PoolService-0] INFO  - Select your event :: Award Presentation
18:00:37.594 [TestNG-PoolService-0] INFO  - Is the Pop Up ** I Understand ** visible :: false
18:01:14.746 [main] INFO  - Cleaning the Coverage Report from path :: /C:/Users/MonikaSrivastava/OneDrive - AIDEN AI PRIVATE LIMITED/Documents/AidenAI/Event_Workspace/CoOpsEvent/target/coverageReport
18:01:14.755 [main] INFO  - Read the Config File from :: /C:/Users/MonikaSrivastava/OneDrive - AIDEN AI PRIVATE LIMITED/Documents/AidenAI/Event_Workspace/BaseUtil/src/main/resources/Config/config.properties
18:01:14.941 [TestNG-test=Event QA Regression Tests-1] INFO  - The Test Data Excel sheet is loaded from path :: /C:/Users/MonikaSrivastava/OneDrive - AIDEN AI PRIVATE LIMITED/Documents/AidenAI/Event_Workspace/CoOpsEvent/src/test/resources/TestData/Event_UI_QA_TestData.xlsx
18:01:14.942 [TestNG-test=Event QA Regression Tests-1] INFO  - Loading the Excel sheet :: Event_E2E
18:01:15.309 [TestNG-PoolService-0] INFO  - Initializing the Browser :: Chrome
18:01:43.478 [TestNG-PoolService-0] INFO  - Is the Page header ** What type of event are you hosting? ** visible :: true
18:01:43.492 [TestNG-PoolService-0] INFO  - Select your event :: Auction
18:01:46.818 [TestNG-PoolService-0] INFO  - Is the Pop Up ** I Understand ** visible :: false
18:01:51.188 [TestNG-test=Event QA Regression Tests-1] INFO  - The Test Data Excel sheet is loaded from path :: /C:/Users/MonikaSrivastava/OneDrive - AIDEN AI PRIVATE LIMITED/Documents/AidenAI/Event_Workspace/CoOpsEvent/src/test/resources/TestData/Event_UI_QA_TestData.xlsx
18:01:51.188 [TestNG-test=Event QA Regression Tests-1] INFO  - Loading the Excel sheet :: Event_E2E
18:01:51.426 [TestNG-PoolService-0] INFO  - Initializing the Browser :: Chrome
18:02:00.084 [TestNG-PoolService-0] INFO  - Is the Page header ** What type of event are you hosting? ** visible :: true
18:02:00.085 [TestNG-PoolService-0] INFO  - Select your event :: Award Presentation
18:02:02.706 [TestNG-PoolService-0] INFO  - Is the Pop Up ** I Understand ** visible :: false
18:06:34.039 [main] INFO  - Cleaning the Coverage Report from path :: /C:/Users/MonikaSrivastava/OneDrive - AIDEN AI PRIVATE LIMITED/Documents/AidenAI/Event_Workspace/CoOpsEvent/target/coverageReport
18:06:34.045 [main] INFO  - Read the Config File from :: /C:/Users/MonikaSrivastava/OneDrive - AIDEN AI PRIVATE LIMITED/Documents/AidenAI/Event_Workspace/BaseUtil/src/main/resources/Config/config.properties
18:06:34.216 [TestNG-test=Event QA Regression Tests-1] INFO  - The Test Data Excel sheet is loaded from path :: /C:/Users/MonikaSrivastava/OneDrive - AIDEN AI PRIVATE LIMITED/Documents/AidenAI/Event_Workspace/CoOpsEvent/src/test/resources/TestData/Event_UI_QA_TestData.xlsx
18:06:34.218 [TestNG-test=Event QA Regression Tests-1] INFO  - Loading the Excel sheet :: Event_E2E
18:06:34.609 [TestNG-PoolService-0] INFO  - Initializing the Browser :: Chrome
18:06:55.334 [TestNG-PoolService-0] INFO  - Is the Page header ** What type of event are you hosting? ** visible :: true
18:06:55.347 [TestNG-PoolService-0] INFO  - Select your event :: Auction
18:06:57.878 [TestNG-PoolService-0] INFO  - Is the Pop Up ** I Understand ** visible :: false
18:06:58.837 [TestNG-test=Event QA Regression Tests-1] INFO  - The Test Data Excel sheet is loaded from path :: /C:/Users/MonikaSrivastava/OneDrive - AIDEN AI PRIVATE LIMITED/Documents/AidenAI/Event_Workspace/CoOpsEvent/src/test/resources/TestData/Event_UI_QA_TestData.xlsx
18:06:58.837 [TestNG-test=Event QA Regression Tests-1] INFO  - Loading the Excel sheet :: Event_E2E
18:06:58.938 [TestNG-PoolService-0] INFO  - Initializing the Browser :: Chrome
18:07:09.537 [TestNG-PoolService-0] INFO  - Is the Page header ** What type of event are you hosting? ** visible :: true
18:07:09.537 [TestNG-PoolService-0] INFO  - Select your event :: Award Presentation
18:07:12.073 [TestNG-PoolService-0] INFO  - Is the Pop Up ** I Understand ** visible :: false
18:08:36.175 [main] INFO  - Cleaning the Coverage Report from path :: /C:/Users/MonikaSrivastava/OneDrive - AIDEN AI PRIVATE LIMITED/Documents/AidenAI/Event_Workspace/CoOpsEvent/target/coverageReport
18:08:36.180 [main] INFO  - Read the Config File from :: /C:/Users/MonikaSrivastava/OneDrive - AIDEN AI PRIVATE LIMITED/Documents/AidenAI/Event_Workspace/BaseUtil/src/main/resources/Config/config.properties
18:08:36.357 [TestNG-test=Event QA Regression Tests-1] INFO  - The Test Data Excel sheet is loaded from path :: /C:/Users/MonikaSrivastava/OneDrive - AIDEN AI PRIVATE LIMITED/Documents/AidenAI/Event_Workspace/CoOpsEvent/src/test/resources/TestData/Event_UI_QA_TestData.xlsx
18:08:36.358 [TestNG-test=Event QA Regression Tests-1] INFO  - Loading the Excel sheet :: Event_E2E
18:08:36.728 [TestNG-PoolService-0] INFO  - Initializing the Browser :: Chrome
18:08:56.830 [TestNG-PoolService-0] INFO  - Is the Page header ** What type of event are you hosting? ** visible :: true
18:08:56.842 [TestNG-PoolService-0] INFO  - Select your event :: Auction
18:09:02.205 [TestNG-PoolService-0] INFO  - Is the Page header **How many events are you hosting? ** visible :: true
18:09:02.206 [TestNG-PoolService-0] INFO  - Select your event :: Multiple events
18:09:03.732 [TestNG-PoolService-0] INFO  - Is the Page header **Where will your event take place? ** visible :: true
18:09:03.732 [TestNG-PoolService-0] INFO  - Search venue multiple address :: 3032 Dougall Avenue, Windsor, ON, Canada
18:09:08.280 [TestNG-PoolService-0] INFO  - Is the Page header **When is your event? ** visible :: true
18:09:08.942 [TestNG-PoolService-0] INFO  - How many days you require coverage is entered10
18:09:09.731 [TestNG-PoolService-0] INFO  - Is the Page title **Start Date ** visible :: true
18:09:18.726 [TestNG-PoolService-0] INFO  - Is the Page header **When is your event ** visible :: true
18:09:19.705 [TestNG-PoolService-0] INFO  - Is the Page title **End Date ** visible :: true
18:09:29.008 [TestNG-PoolService-0] INFO  - Is the Page header **When is your event ** visible :: true
18:09:29.746 [TestNG-PoolService-0] INFO  - Is the Page header **Can you tell us more about your event? ** visible :: true
18:09:31.228 [TestNG-PoolService-0] INFO  - Number Of Attendees enteredstring:25 or Less
18:09:33.417 [TestNG-PoolService-0] INFO  - Name of event enteredAuction
18:09:34.138 [TestNG-PoolService-0] INFO  - Is the Page header **Let’s personalize your coverage ** visible :: true
18:09:36.312 [TestNG-PoolService-0] INFO  - Full Name enteredMonika QA Payment
18:09:37.713 [TestNG-PoolService-0] INFO  - Email enteredmonika.srivastava-x+multieventsij5@unqork.com
18:09:39.108 [TestNG-PoolService-0] INFO  - Phone number entered1115557777
18:09:48.601 [TestNG-PoolService-0] INFO  - Is the Page header **Your Quote ** visible :: true
18:10:05.324 [TestNG-PoolService-0] INFO  - Click on Next button  :: Your Quote
18:10:20.346 [TestNG-PoolService-0] INFO  - Is the Page header **Add others to your policy ** visible :: true
18:10:20.360 [TestNG-PoolService-0] INFO  - Is the Page header **Add others to your policy ** visible :: true
18:10:21.353 [TestNG-PoolService-0] INFO  - Is the Page header **Review Additional Insureds and Co-hosts ** visible :: true
18:10:24.002 [TestNG-PoolService-0] INFO  - Is the Page header **Payment Details ** visible :: true
18:10:26.296 [TestNG-PoolService-0] INFO  - Credit Card Number  :: 4030000010001234
18:10:27.624 [TestNG-PoolService-0] INFO  - Card Holder Name  :: MSTest User
18:10:28.951 [TestNG-PoolService-0] INFO  - Expiry Date  :: 05/31
18:10:30.251 [TestNG-PoolService-0] INFO  - CVV  :: 123
18:10:30.274 [TestNG-PoolService-0] INFO  - Is Pay Button  ** Pay $ ** enabled :: true
18:11:21.181 [TestNG-PoolService-0] INFO  - Is the next Page header **Congrats! Your event is protected ** visible :: true
18:11:21.205 [TestNG-PoolService-0] INFO  - Is the Page header **Congrats! Your event is protected ** visible :: true
18:11:21.213 [TestNG-PoolService-0] INFO  - Policy created with policy numberZf-025318 :: true
18:11:22.579 [TestNG-PoolService-0] INFO  - Is the Page header **Activate your account ** visible :: true
18:11:24.229 [TestNG-test=Event QA Regression Tests-1] INFO  - The Test Data Excel sheet is loaded from path :: /C:/Users/MonikaSrivastava/OneDrive - AIDEN AI PRIVATE LIMITED/Documents/AidenAI/Event_Workspace/CoOpsEvent/src/test/resources/TestData/Event_UI_QA_TestData.xlsx
18:11:24.229 [TestNG-test=Event QA Regression Tests-1] INFO  - Loading the Excel sheet :: Event_E2E
18:11:24.262 [TestNG-PoolService-0] INFO  - Initializing the Browser :: Chrome
18:11:34.396 [TestNG-PoolService-0] INFO  - Is the Page header ** What type of event are you hosting? ** visible :: true
18:11:34.397 [TestNG-PoolService-0] INFO  - Select your event :: Award Presentation
18:11:41.061 [TestNG-PoolService-0] INFO  - Is the Page header **How many events are you hosting? ** visible :: true
18:11:41.061 [TestNG-PoolService-0] INFO  - Select your event :: Single event
18:11:43.173 [TestNG-PoolService-0] INFO  - Is the Page header **Where will your event take place? ** visible :: true
18:11:43.173 [TestNG-PoolService-0] INFO  - Search venue address :: 403 Church Street, Toronto, ON, Canada
18:11:47.339 [TestNG-PoolService-0] INFO  - Is the Page header **When is your event? ** visible :: true
18:11:48.290 [TestNG-PoolService-0] INFO  - Is the Page title **Start Date ** visible :: true
18:11:57.505 [TestNG-PoolService-0] INFO  - Is the Page header **When is your event ** visible :: true
18:11:58.482 [TestNG-PoolService-0] INFO  - Is the Page title **End Date ** visible :: true
18:12:07.633 [TestNG-PoolService-0] INFO  - Is the Page header **When is your event ** visible :: true
18:12:08.359 [TestNG-PoolService-0] INFO  - Is the Page header **Can you tell us more about your event? ** visible :: true
18:12:09.749 [TestNG-PoolService-0] INFO  - Number Of Attendees enteredstring:25 or Less
18:12:11.893 [TestNG-PoolService-0] INFO  - Name of event enteredAward Function
18:12:12.653 [TestNG-PoolService-0] INFO  - Is the Page header **Let’s personalize your coverage ** visible :: true
18:12:14.970 [TestNG-PoolService-0] INFO  - Full Name enteredMonika Test Payment
18:12:16.394 [TestNG-PoolService-0] INFO  - Email enteredmonika.srivastava-x+singleeventij5@unqork.com
18:12:17.746 [TestNG-PoolService-0] INFO  - Phone number entered1557894561
18:12:27.115 [TestNG-PoolService-0] INFO  - Is the Page header **Your Quote ** visible :: true
18:12:43.005 [TestNG-PoolService-0] INFO  - Click on Next button  :: Your Quote
18:12:58.028 [TestNG-PoolService-0] INFO  - Is the Page header **Add others to your policy ** visible :: true
18:12:58.042 [TestNG-PoolService-0] INFO  - Is the Page header **Add others to your policy ** visible :: true
18:12:58.996 [TestNG-PoolService-0] INFO  - Is the Page header **Review Additional Insureds and Co-hosts ** visible :: true
18:13:01.187 [TestNG-PoolService-0] INFO  - Is the Page header **Payment Details ** visible :: true
18:13:02.021 [TestNG-PoolService-0] INFO  - Credit Card Number  :: 4030000010001234
18:13:03.312 [TestNG-PoolService-0] INFO  - Card Holder Name  :: MSTest User
18:13:04.668 [TestNG-PoolService-0] INFO  - Expiry Date  :: 05/31
18:13:05.951 [TestNG-PoolService-0] INFO  - CVV  :: 123
18:13:05.966 [TestNG-PoolService-0] INFO  - Is Pay Button  ** Pay $ ** enabled :: true
18:13:58.938 [TestNG-PoolService-0] INFO  - Is the next Page header **Congrats! Your event is protected ** visible :: true
18:13:58.953 [TestNG-PoolService-0] INFO  - Is the Page header **Congrats! Your event is protected ** visible :: true
18:13:58.961 [TestNG-PoolService-0] INFO  - Policy created with policy numberZf-025319 :: true
18:14:00.645 [TestNG-PoolService-0] INFO  - Is the Page header **Activate your account ** visible :: true
18:17:02.083 [main] INFO  - Cleaning the Coverage Report from path :: /C:/Users/MonikaSrivastava/OneDrive - AIDEN AI PRIVATE LIMITED/Documents/AidenAI/Event_Workspace/CoOpsEvent/target/coverageReport
18:17:02.086 [main] INFO  - Read the Config File from :: /C:/Users/MonikaSrivastava/OneDrive - AIDEN AI PRIVATE LIMITED/Documents/AidenAI/Event_Workspace/BaseUtil/src/main/resources/Config/config.properties
18:17:02.282 [TestNG-test=Event QA Regression Tests-1] INFO  - The Test Data Excel sheet is loaded from path :: /C:/Users/MonikaSrivastava/OneDrive - AIDEN AI PRIVATE LIMITED/Documents/AidenAI/Event_Workspace/CoOpsEvent/src/test/resources/TestData/Event_UI_QA_TestData.xlsx
18:17:02.284 [TestNG-test=Event QA Regression Tests-1] INFO  - Loading the Excel sheet :: Event_E2E
18:17:02.652 [TestNG-PoolService-0] INFO  - Initializing the Browser :: Chrome
18:17:22.126 [TestNG-PoolService-0] INFO  - Is the Page header ** What type of event are you hosting? ** visible :: true
18:17:22.153 [TestNG-PoolService-0] INFO  - Select your event :: Auction
18:17:27.749 [TestNG-PoolService-0] INFO  - Is the Page header **How many events are you hosting? ** visible :: true
18:17:27.749 [TestNG-PoolService-0] INFO  - Select your event :: Multiple events
18:17:29.306 [TestNG-PoolService-0] INFO  - Is the Page header **Where will your event take place? ** visible :: true
18:17:29.312 [TestNG-PoolService-0] INFO  - Search venue multiple address :: 3032 Dougall Avenue, Windsor, ON, Canada
18:17:35.019 [TestNG-PoolService-0] INFO  - Is the Page header **When is your event? ** visible :: true
18:17:35.716 [TestNG-PoolService-0] INFO  - How many days you require coverage is entered10
18:17:36.840 [TestNG-PoolService-0] INFO  - Is the Page title **Start Date ** visible :: true
18:17:46.705 [TestNG-PoolService-0] INFO  - Is the Page header **When is your event ** visible :: true
18:17:47.674 [TestNG-PoolService-0] INFO  - Is the Page title **End Date ** visible :: true
18:17:56.950 [TestNG-PoolService-0] INFO  - Is the Page header **When is your event ** visible :: true
18:17:57.716 [TestNG-PoolService-0] INFO  - Is the Page header **Can you tell us more about your event? ** visible :: true
18:17:59.204 [TestNG-PoolService-0] INFO  - Number Of Attendees entered string:25 or Less
18:18:01.369 [TestNG-PoolService-0] INFO  - Name of event entered Auction
18:18:02.124 [TestNG-PoolService-0] INFO  - Is the Page header **Let’s personalize your coverage ** visible :: true
18:18:04.428 [TestNG-PoolService-0] INFO  - Full Name entered Monika QA Payment
18:18:05.854 [TestNG-PoolService-0] INFO  - Email entered monika.srivastava-x+multieventsijmp@unqork.com
18:18:07.233 [TestNG-PoolService-0] INFO  - Phone number entered 1115557777
18:18:18.166 [TestNG-PoolService-0] INFO  - Is the Page header **Your Quote ** visible :: true
18:18:34.084 [TestNG-PoolService-0] INFO  - Click on Next button  :: Your Quote
18:18:49.113 [TestNG-PoolService-0] INFO  - Is the Page header **Add others to your policy ** visible :: true
18:18:49.147 [TestNG-PoolService-0] INFO  - Is the Page header **Add others to your policy ** visible :: true
18:18:50.072 [TestNG-PoolService-0] INFO  - Is the Page header **Review Additional Insureds and Co-hosts ** visible :: true
18:18:52.184 [TestNG-PoolService-0] INFO  - Is the Page header **Payment Details ** visible :: true
18:18:53.066 [TestNG-PoolService-0] INFO  - Credit Card Number  :: 4030000010001234
18:18:54.382 [TestNG-PoolService-0] INFO  - Card Holder Name  :: MSTest User
18:18:55.705 [TestNG-PoolService-0] INFO  - Expiry Date  :: 05/31
18:18:57.011 [TestNG-PoolService-0] INFO  - CVV  :: 123
18:18:57.028 [TestNG-PoolService-0] INFO  - Is Pay Button  ** Pay $ ** enabled :: true
18:19:46.867 [TestNG-PoolService-0] INFO  - Is the next Page header **Congrats! Your event is protected ** visible :: true
18:19:46.887 [TestNG-PoolService-0] INFO  - Is the Page header **Congrats! Your event is protected ** visible :: true
18:19:46.898 [TestNG-PoolService-0] INFO  - Policy created with policy number: Zf-025320 :: true
18:19:48.563 [TestNG-PoolService-0] INFO  - Is the Page header **Activate your account ** visible :: true
18:19:50.027 [TestNG-test=Event QA Regression Tests-1] INFO  - The Test Data Excel sheet is loaded from path :: /C:/Users/MonikaSrivastava/OneDrive - AIDEN AI PRIVATE LIMITED/Documents/AidenAI/Event_Workspace/CoOpsEvent/src/test/resources/TestData/Event_UI_QA_TestData.xlsx
18:19:50.027 [TestNG-test=Event QA Regression Tests-1] INFO  - Loading the Excel sheet :: Event_E2E
18:19:50.059 [TestNG-PoolService-0] INFO  - Initializing the Browser :: Chrome
18:19:59.780 [TestNG-PoolService-0] INFO  - Is the Page header ** What type of event are you hosting? ** visible :: true
18:19:59.780 [TestNG-PoolService-0] INFO  - Select your event :: Award Presentation
18:20:04.459 [TestNG-PoolService-0] INFO  - Is the Page header **How many events are you hosting? ** visible :: true
18:20:04.459 [TestNG-PoolService-0] INFO  - Select your event :: Single event
18:20:05.953 [TestNG-PoolService-0] INFO  - Is the Page header **Where will your event take place? ** visible :: true
18:20:05.953 [TestNG-PoolService-0] INFO  - Search venue address :: 403 Church Street, Toronto, ON, Canada
18:20:09.431 [TestNG-PoolService-0] INFO  - Is the Page header **When is your event? ** visible :: true
18:20:10.279 [TestNG-PoolService-0] INFO  - Is the Page title **Start Date ** visible :: true
18:20:20.619 [TestNG-PoolService-0] INFO  - Is the Page header **When is your event ** visible :: true
18:20:21.773 [TestNG-PoolService-0] INFO  - Is the Page title **End Date ** visible :: true
18:20:32.163 [TestNG-PoolService-0] INFO  - Is the Page header **When is your event ** visible :: true
18:20:32.944 [TestNG-PoolService-0] INFO  - Is the Page header **Can you tell us more about your event? ** visible :: true
18:20:34.351 [TestNG-PoolService-0] INFO  - Number Of Attendees entered string:25 or Less
18:20:36.475 [TestNG-PoolService-0] INFO  - Name of event entered Award Function
18:20:37.244 [TestNG-PoolService-0] INFO  - Is the Page header **Let’s personalize your coverage ** visible :: true
18:20:39.991 [TestNG-PoolService-0] INFO  - Full Name entered Monika Test Payment
18:20:41.355 [TestNG-PoolService-0] INFO  - Email entered monika.srivastava-x+singleeventijmp@unqork.com
18:20:42.821 [TestNG-PoolService-0] INFO  - Phone number entered 1557894561
18:20:50.191 [TestNG-PoolService-0] INFO  - Is the Page header **Your Quote ** visible :: true
18:21:06.041 [TestNG-PoolService-0] INFO  - Click on Next button  :: Your Quote
18:21:21.065 [TestNG-PoolService-0] INFO  - Is the Page header **Add others to your policy ** visible :: true
18:21:21.096 [TestNG-PoolService-0] INFO  - Is the Page header **Add others to your policy ** visible :: true
18:21:22.062 [TestNG-PoolService-0] INFO  - Is the Page header **Review Additional Insureds and Co-hosts ** visible :: true
18:21:24.193 [TestNG-PoolService-0] INFO  - Is the Page header **Payment Details ** visible :: true
18:21:26.756 [TestNG-PoolService-0] INFO  - Credit Card Number  :: 4030000010001234
18:21:28.399 [TestNG-PoolService-0] INFO  - Card Holder Name  :: MSTest User
18:21:29.934 [TestNG-PoolService-0] INFO  - Expiry Date  :: 05/31
18:21:31.242 [TestNG-PoolService-0] INFO  - CVV  :: 123
18:21:31.269 [TestNG-PoolService-0] INFO  - Is Pay Button  ** Pay $ ** enabled :: true
18:22:24.471 [TestNG-PoolService-0] INFO  - Is the next Page header **Congrats! Your event is protected ** visible :: true
18:22:24.517 [TestNG-PoolService-0] INFO  - Is the Page header **Congrats! Your event is protected ** visible :: true
18:22:24.530 [TestNG-PoolService-0] INFO  - Policy created with policy number: Zf-025321 :: true
18:22:27.237 [TestNG-PoolService-0] INFO  - Is the Page header **Activate your account ** visible :: true
